<?xml version="1.0" encoding="UTF-8"?>
<!-- Generated by org.testng.reporters.JUnitReportReporter -->
<testsuite hostname="LAPTOP-P2QE43U4" failures="0" tests="5" name="StepDefination.QueuesFile" time="71.651" errors="1" timestamp="2024-10-18T12:32:15 CDT" skipped="0">
  <testcase classname="StepDefination.QueuesFile" name="queues_paneIn" time="8.333">
    <error message="
Method public void StepDefination.QueuesFile.queues_paneIn(java.lang.String) throws java.lang.Exception requires a @DataProvider named : Topics in class Utils.DataproviderSupplier" type="org.testng.TestNGException">
      <![CDATA[org.testng.TestNGException: 
Method public void StepDefination.QueuesFile.queues_paneIn(java.lang.String) throws java.lang.Exception requires a @DataProvider named : Topics in class Utils.DataproviderSupplier
at org.testng.internal.Parameters.findDataProvider(Parameters.java:532)
at org.testng.internal.Parameters.handleParameters(Parameters.java:769)
at org.testng.internal.Parameters.handleParameters(Parameters.java:734)
at org.testng.internal.invokers.ParameterHandler.handleParameters(ParameterHandler.java:72)
at org.testng.internal.invokers.ParameterHandler.createParameters(ParameterHandler.java:51)
at org.testng.internal.invokers.TestInvoker$MethodInvocationAgent.invoke(TestInvoker.java:946)
at org.testng.internal.invokers.TestInvoker.invokeTestMethods(TestInvoker.java:203)
at org.testng.internal.invokers.TestMethodWorker.invokeTestMethods(TestMethodWorker.java:154)
at org.testng.internal.invokers.TestMethodWorker.run(TestMethodWorker.java:134)
at java.base/java.util.ArrayList.forEach(ArrayList.java:1596)
at org.testng.TestRunner.privateRun(TestRunner.java:739)
at org.testng.TestRunner.run(TestRunner.java:614)
at org.testng.SuiteRunner.runTest(SuiteRunner.java:421)
at org.testng.SuiteRunner$SuiteWorker.run(SuiteRunner.java:463)
at org.testng.internal.thread.ThreadUtil.lambda$execute$0(ThreadUtil.java:64)
at java.base/java.util.concurrent.FutureTask.run(FutureTask.java:317)
at java.base/java.util.concurrent.ThreadPoolExecutor.runWorker(ThreadPoolExecutor.java:1144)
at java.base/java.util.concurrent.ThreadPoolExecutor$Worker.run(ThreadPoolExecutor.java:642)
at java.base/java.lang.Thread.run(Thread.java:1583)
]]>
    </error>
  </testcase> <!-- queues_paneIn -->
  <testcase classname="StepDefination.QueuesFile" name="queues_pane_validcode" time="26.030"/>
  <testcase classname="StepDefination.QueuesFile" name="queues_pane_validcode" time="12.935"/>
  <testcase classname="StepDefination.QueuesFile" name="queues_pane_validcode" time="20.564"/>
  <testcase classname="StepDefination.QueuesFile" name="queues_pane_validcode" time="3.789"/>
</testsuite> <!-- StepDefination.QueuesFile -->
